1644849760201	geckodriver	INFO	Listening on 127.0.0.1:61631
1644849763382	mozrunner::runner	INFO	Running command: "C:\\Program Files\\Mozilla Firefox\\firefox.exe" "--marionette" "--remote-debugging-port" "61632" "-no-remote" "-profile" "C:\\Users\\TRANSA~1\\AppData\\Local\\Temp\\rust_mozprofileDEWi3h"
1644849766957	Marionette	INFO	Marionette enabled
console.warn: SearchSettings: "get: No settings file exists, new profile?" (new NotFoundError("Could not open the file at C:\\Users\\Transanches\\AppData\\Local\\Temp\\rust_mozprofileDEWi3h\\search.json.mozlz4", (void 0)))
DevTools listening on ws://localhost:61632/devtools/browser/5fc4bde9-deac-4ae6-b22c-71704cff9b6b
1644849784240	Marionette	INFO	Listening on port 61637
1644849784433	RemoteAgent	WARN	TLS certificate errors will be ignored for this session
1644849916495	Marionette	INFO	Stopped listening on port 61637
console.warn: TopSitesFeed: Failed to fetch data from Contile server: NetworkError when attempting to fetch resource.
[Parent 6032, IPC I/O Parent] WARNING: file /builds/worker/checkouts/gecko/ipc/chromium/src/base/process_util_win.cc:167

###!!! [Parent][PGPUParent] Error: RunMessage(msgname=PGPU::Msg_ShutdownVR) Channel closing: too late to send/recv, messages will be lost

("Could not open the file at C:\\Users\\Transanches\\AppData\\Local\\Temp\\rust_mozprofiletbrHbW\\search.json.mozlz4", (void 0)))
DevTools listening on ws://localhost:61688/devtools/browser/91088925-cc6c-40ec-a715-473a9004f090
1644849832360	Marionette	INFO	Listening on port 61693
1644849833210	RemoteAgent	WARN	TLS certificate errors will be ignored for this session
1644849915713	Marionette	INFO	Stopped listening on port 61693
console.warn: TopSitesFeed: Failed to fetch data from Contile server: NetworkError when attempting to fetch resource.

###!!! [Parent][PGPUParent] Error: RunMessage(msgname=PGPU::Msg_ShutdownVR) Channel closing: too late to send/recv, messages will be lost

1644849939808	geckodriver	INFO	Listening on 127.0.0.1:61738
1644849942894	mozrunner::runner	INFO	Running command: "C:\\Program Files\\Mozilla Firefox\\firefox.exe" "--marionette" "--remote-debugging-port" "61739" "-no-remote" "-profile" "C:\\Users\\TRANSA~1\\AppData\\Local\\Temp\\rust_mozprofile1cxnyl"
1644849944699	Marionette	INFO	Marionette enabled
console.warn: SearchSettings: "get: No settings file exists, new profile?" (new NotFoundError("Could not open the file at C:\\Users\\Transanches\\AppData\\Local\\Temp\\rust_mozprofile1cxnyl\\search.json.mozlz4", (void 0)))
DevTools listening on ws://localhost:61739/devtools/browser/4af643eb-6c03-4348-8fef-1ccb7d7a75e2
1644849948739	Marionette	INFO	Listening on port 61744
1644849948917	RemoteAgent	WARN	TLS certificate errors will be ignored for this session
1644850064405	Marionette	INFO	Stopped listening on port 61744
console.warn: TopSitesFeed: Failed to fetch data from Contile server: NetworkError when attempting to fetch resource.

###!!! [Parent][PGPUParent] Error: RunMessage(msgname=PGPU::Msg_ShutdownVR) Channel closing: too late to send/recv, messages will be lost

